2019-08-05 08:44:03,046 [Worker-16: Loading available Gradle versions] INFO  c.g.t.t.d.PublishedGradleVersions - Gradle version information cache is up-to-date. Trying to read.
2019-08-05 08:48:02,400 [main] ERROR o.e.m.c.i.p.r.ProjectRegistryReader - Can't read workspace state
java.io.InvalidClassException: org.eclipse.m2e.core.internal.project.registry.BasicProjectRegistry; local class incompatible: stream classdesc serialVersionUID = 5542512601401896748, local class serialVersionUID = 6232274446642339434
	at java.base/java.io.ObjectStreamClass.initNonProxy(ObjectStreamClass.java:689) ~[na:na]
	at java.base/java.io.ObjectInputStream.readNonProxyDesc(ObjectInputStream.java:2009) ~[na:na]
	at java.base/java.io.ObjectInputStream.readClassDesc(ObjectInputStream.java:1878) ~[na:na]
	at java.base/java.io.ObjectInputStream.readNonProxyDesc(ObjectInputStream.java:2009) ~[na:na]
	at java.base/java.io.ObjectInputStream.readClassDesc(ObjectInputStream.java:1878) ~[na:na]
	at java.base/java.io.ObjectInputStream.readOrdinaryObject(ObjectInputStream.java:2166) ~[na:na]
	at java.base/java.io.ObjectInputStream.readObject0(ObjectInputStream.java:1700) ~[na:na]
	at java.base/java.io.ObjectInputStream.readObjectImpl(ObjectInputStream.java:517) ~[na:na]
	at java.base/java.io.ObjectInputStream.readObject(ObjectInputStream.java:455) ~[na:na]
	at org.eclipse.m2e.core.internal.project.registry.ProjectRegistryReader.readWorkspaceState(ProjectRegistryReader.java:100) ~[na:na]
	at org.eclipse.m2e.core.internal.project.registry.ProjectRegistryManager.<init>(ProjectRegistryManager.java:164) ~[na:na]
	at org.eclipse.m2e.core.internal.MavenPluginActivator.start(MavenPluginActivator.java:215) ~[na:na]
	at org.eclipse.osgi.internal.framework.BundleContextImpl$3.run(BundleContextImpl.java:779) ~[org.eclipse.osgi_3.13.0.v20180409-1500.jar:na]
	at org.eclipse.osgi.internal.framework.BundleContextImpl$3.run(BundleContextImpl.java:1) ~[org.eclipse.osgi_3.13.0.v20180409-1500.jar:na]
	at java.base/java.security.AccessController.doPrivileged(AccessController.java:703) ~[na:na]
	at org.eclipse.osgi.internal.framework.BundleContextImpl.startActivator(BundleContextImpl.java:772) ~[org.eclipse.osgi_3.13.0.v20180409-1500.jar:na]
	at org.eclipse.osgi.internal.framework.BundleContextImpl.start(BundleContextImpl.java:729) ~[org.eclipse.osgi_3.13.0.v20180409-1500.jar:na]
	at org.eclipse.osgi.internal.framework.EquinoxBundle.startWorker0(EquinoxBundle.java:1002) ~[org.eclipse.osgi_3.13.0.v20180409-1500.jar:na]
	at org.eclipse.osgi.internal.framework.EquinoxBundle$EquinoxModule.startWorker(EquinoxBundle.java:354) ~[org.eclipse.osgi_3.13.0.v20180409-1500.jar:na]
	at org.eclipse.osgi.container.Module.doStart(Module.java:581) ~[org.eclipse.osgi_3.13.0.v20180409-1500.jar:na]
	at org.eclipse.osgi.container.Module.start(Module.java:449) ~[org.eclipse.osgi_3.13.0.v20180409-1500.jar:na]
	at org.eclipse.osgi.framework.util.SecureAction.start(SecureAction.java:468) ~[org.eclipse.osgi_3.13.0.v20180409-1500.jar:na]
	at org.eclipse.osgi.internal.hooks.EclipseLazyStarter.postFindLocalClass(EclipseLazyStarter.java:114) ~[na:na]
	at org.eclipse.osgi.internal.loader.classpath.ClasspathManager.findLocalClass(ClasspathManager.java:505) ~[org.eclipse.osgi_3.13.0.v20180409-1500.jar:na]
	at org.eclipse.osgi.internal.loader.ModuleClassLoader.findLocalClass(ModuleClassLoader.java:328) ~[org.eclipse.osgi_3.13.0.v20180409-1500.jar:na]
	at org.eclipse.osgi.internal.loader.BundleLoader.findLocalClass(BundleLoader.java:392) ~[org.eclipse.osgi_3.13.0.v20180409-1500.jar:na]
	at org.eclipse.osgi.internal.loader.sources.SingleSourcePackage.loadClass(SingleSourcePackage.java:36) ~[org.eclipse.osgi_3.13.0.v20180409-1500.jar:na]
	at org.eclipse.osgi.internal.loader.BundleLoader.findClassInternal(BundleLoader.java:466) ~[org.eclipse.osgi_3.13.0.v20180409-1500.jar:na]
	at org.eclipse.osgi.internal.loader.BundleLoader.findClass(BundleLoader.java:419) ~[org.eclipse.osgi_3.13.0.v20180409-1500.jar:na]
	at org.eclipse.osgi.internal.loader.BundleLoader.findClass(BundleLoader.java:411) ~[org.eclipse.osgi_3.13.0.v20180409-1500.jar:na]
	at org.eclipse.osgi.internal.loader.ModuleClassLoader.loadClass(ModuleClassLoader.java:150) ~[org.eclipse.osgi_3.13.0.v20180409-1500.jar:na]
	at java.base/java.lang.ClassLoader.loadClass(ClassLoader.java:1052) ~[na:na]
	at java.base/java.lang.J9VMInternals.newInstanceImpl(Native Method) ~[na:na]
	at java.base/java.lang.Class.newInstance(Class.java:2082) ~[na:na]
	at org.eclipse.osgi.internal.framework.BundleContextImpl.loadBundleActivator(BundleContextImpl.java:763) ~[org.eclipse.osgi_3.13.0.v20180409-1500.jar:na]
	at org.eclipse.osgi.internal.framework.BundleContextImpl.start(BundleContextImpl.java:716) ~[org.eclipse.osgi_3.13.0.v20180409-1500.jar:na]
	at org.eclipse.osgi.internal.framework.EquinoxBundle.startWorker0(EquinoxBundle.java:1002) ~[org.eclipse.osgi_3.13.0.v20180409-1500.jar:na]
	at org.eclipse.osgi.internal.framework.EquinoxBundle$EquinoxModule.startWorker(EquinoxBundle.java:354) ~[org.eclipse.osgi_3.13.0.v20180409-1500.jar:na]
	at org.eclipse.osgi.container.Module.doStart(Module.java:581) ~[org.eclipse.osgi_3.13.0.v20180409-1500.jar:na]
	at org.eclipse.osgi.container.Module.start(Module.java:449) ~[org.eclipse.osgi_3.13.0.v20180409-1500.jar:na]
	at org.eclipse.osgi.framework.util.SecureAction.start(SecureAction.java:468) ~[org.eclipse.osgi_3.13.0.v20180409-1500.jar:na]
	at org.eclipse.osgi.internal.hooks.EclipseLazyStarter.postFindLocalClass(EclipseLazyStarter.java:114) ~[na:na]
	at org.eclipse.osgi.internal.loader.classpath.ClasspathManager.findLocalClass(ClasspathManager.java:505) ~[org.eclipse.osgi_3.13.0.v20180409-1500.jar:na]
	at org.eclipse.osgi.internal.loader.ModuleClassLoader.findLocalClass(ModuleClassLoader.java:328) ~[org.eclipse.osgi_3.13.0.v20180409-1500.jar:na]
	at org.eclipse.osgi.internal.loader.BundleLoader.findLocalClass(BundleLoader.java:392) ~[org.eclipse.osgi_3.13.0.v20180409-1500.jar:na]
	at org.eclipse.osgi.internal.loader.BundleLoader.findClassInternal(BundleLoader.java:470) ~[org.eclipse.osgi_3.13.0.v20180409-1500.jar:na]
	at org.eclipse.osgi.internal.loader.BundleLoader.findClass(BundleLoader.java:419) ~[org.eclipse.osgi_3.13.0.v20180409-1500.jar:na]
	at org.eclipse.osgi.internal.loader.BundleLoader.findClass(BundleLoader.java:411) ~[org.eclipse.osgi_3.13.0.v20180409-1500.jar:na]
	at org.eclipse.osgi.internal.loader.ModuleClassLoader.loadClass(ModuleClassLoader.java:150) ~[org.eclipse.osgi_3.13.0.v20180409-1500.jar:na]
	at java.base/java.lang.ClassLoader.loadClass(ClassLoader.java:1052) ~[na:na]
	at org.eclipse.osgi.internal.framework.EquinoxBundle.loadClass(EquinoxBundle.java:609) ~[org.eclipse.osgi_3.13.0.v20180409-1500.jar:na]
	at org.eclipse.core.internal.registry.osgi.RegistryStrategyOSGI.createExecutableExtension(RegistryStrategyOSGI.java:177) ~[org.eclipse.equinox.registry_3.8.0.v20180426-1327.jar:na]
	at org.eclipse.core.internal.registry.ExtensionRegistry.createExecutableExtension(ExtensionRegistry.java:931) ~[org.eclipse.equinox.registry_3.8.0.v20180426-1327.jar:na]
	at org.eclipse.core.internal.registry.ConfigurationElement.createExecutableExtension(ConfigurationElement.java:243) ~[org.eclipse.equinox.registry_3.8.0.v20180426-1327.jar:na]
	at org.eclipse.core.internal.registry.ConfigurationElementHandle.createExecutableExtension(ConfigurationElementHandle.java:60) ~[org.eclipse.equinox.registry_3.8.0.v20180426-1327.jar:na]
	at org.eclipse.ui.internal.WorkbenchPlugin.lambda$0(WorkbenchPlugin.java:288) ~[na:na]
	at org.eclipse.ui.internal.WorkbenchPlugin$$Lambda$471.0000000021C580C0.run(Unknown Source) ~[na:na]
	at org.eclipse.swt.custom.BusyIndicator.showWhile(BusyIndicator.java:71) ~[org.eclipse.swt.win32.win32.x86_64_3.107.0.v20180611-0422.jar:na]
	at org.eclipse.ui.internal.WorkbenchPlugin.createExtension(WorkbenchPlugin.java:285) ~[na:na]
	at org.eclipse.ui.internal.dialogs.WorkbenchPreferenceNode.createPage(WorkbenchPreferenceNode.java:48) ~[na:na]
	at org.eclipse.jface.preference.PreferenceDialog.createPage(PreferenceDialog.java:1276) ~[org.eclipse.jface_3.14.0.v20180423-0714.jar:na]
	at org.eclipse.ui.internal.dialogs.FilteredPreferenceDialog.createPage(FilteredPreferenceDialog.java:358) ~[na:na]
	at org.eclipse.jface.preference.PreferenceDialog.showPage(PreferenceDialog.java:1163) ~[org.eclipse.jface_3.14.0.v20180423-0714.jar:na]
	at org.eclipse.ui.internal.dialogs.FilteredPreferenceDialog.showPage(FilteredPreferenceDialog.java:672) ~[na:na]
	at org.eclipse.jface.preference.PreferenceDialog$5.lambda$0(PreferenceDialog.java:657) ~[org.eclipse.jface_3.14.0.v20180423-0714.jar:na]
	at org.eclipse.jface.preference.PreferenceDialog$5$$Lambda$600.00000000284E0CB0.run(Unknown Source) ~[na:na]
	at org.eclipse.swt.custom.BusyIndicator.showWhile(BusyIndicator.java:71) ~[org.eclipse.swt.win32.win32.x86_64_3.107.0.v20180611-0422.jar:na]
	at org.eclipse.jface.preference.PreferenceDialog$5.selectionChanged(PreferenceDialog.java:654) ~[org.eclipse.jface_3.14.0.v20180423-0714.jar:na]
	at org.eclipse.jface.viewers.StructuredViewer$3.run(StructuredViewer.java:871) ~[org.eclipse.jface_3.14.0.v20180423-0714.jar:na]
	at org.eclipse.core.runtime.SafeRunner.run(SafeRunner.java:42) ~[org.eclipse.equinox.common_3.10.0.v20180412-1130.jar:na]
	at org.eclipse.ui.internal.JFaceUtil.lambda$0(JFaceUtil.java:44) ~[na:na]
	at org.eclipse.ui.internal.JFaceUtil$$Lambda$78.000000001A9F90F0.run(Unknown Source) ~[na:na]
	at org.eclipse.jface.util.SafeRunnable.run(SafeRunnable.java:173) ~[org.eclipse.jface_3.14.0.v20180423-0714.jar:na]
	at org.eclipse.jface.viewers.StructuredViewer.firePostSelectionChanged(StructuredViewer.java:868) ~[org.eclipse.jface_3.14.0.v20180423-0714.jar:na]
	at org.eclipse.jface.viewers.StructuredViewer.handlePostSelect(StructuredViewer.java:1237) ~[org.eclipse.jface_3.14.0.v20180423-0714.jar:na]
	at org.eclipse.jface.viewers.StructuredViewer.lambda$0(StructuredViewer.java:1260) ~[org.eclipse.jface_3.14.0.v20180423-0714.jar:na]
	at org.eclipse.jface.viewers.StructuredViewer$$Lambda$352.000000001E0CB2C0.accept(Unknown Source) ~[na:na]
	at org.eclipse.swt.events.SelectionListener$1.widgetSelected(SelectionListener.java:81) ~[org.eclipse.swt.win32.win32.x86_64_3.107.0.v20180611-0422.jar:na]
	at org.eclipse.jface.util.OpenStrategy.firePostSelectionEvent(OpenStrategy.java:261) ~[org.eclipse.jface_3.14.0.v20180423-0714.jar:na]
	at org.eclipse.jface.util.OpenStrategy.access$5(OpenStrategy.java:256) ~[org.eclipse.jface_3.14.0.v20180423-0714.jar:na]
	at org.eclipse.jface.util.OpenStrategy$1.lambda$2(OpenStrategy.java:417) ~[org.eclipse.jface_3.14.0.v20180423-0714.jar:na]
	at org.eclipse.jface.util.OpenStrategy$1$$Lambda$613.0000000021BC39F0.run(Unknown Source) ~[na:na]
	at org.eclipse.swt.widgets.Display.runTimer(Display.java:4033) ~[org.eclipse.swt.win32.win32.x86_64_3.107.0.v20180611-0422.jar:na]
	at org.eclipse.swt.widgets.Display.messageProc(Display.java:3157) ~[org.eclipse.swt.win32.win32.x86_64_3.107.0.v20180611-0422.jar:na]
	at org.eclipse.swt.internal.win32.OS.DispatchMessageW(Native Method) ~[org.eclipse.swt.win32.win32.x86_64_3.107.0.v20180611-0422.jar:na]
	at org.eclipse.swt.internal.win32.OS.DispatchMessage(OS.java:2303) ~[org.eclipse.swt.win32.win32.x86_64_3.107.0.v20180611-0422.jar:na]
	at org.eclipse.swt.widgets.Display.readAndDispatch(Display.java:3532) ~[org.eclipse.swt.win32.win32.x86_64_3.107.0.v20180611-0422.jar:na]
	at org.eclipse.jface.window.Window.runEventLoop(Window.java:818) ~[org.eclipse.jface_3.14.0.v20180423-0714.jar:na]
	at org.eclipse.jface.window.Window.open(Window.java:794) ~[org.eclipse.jface_3.14.0.v20180423-0714.jar:na]
	at org.eclipse.ui.internal.dialogs.WorkbenchPreferenceDialog.open(WorkbenchPreferenceDialog.java:211) ~[na:na]
	at org.eclipse.ui.internal.OpenPreferencesAction.run(OpenPreferencesAction.java:63) ~[na:na]
	at org.eclipse.jface.action.Action.runWithEvent(Action.java:473) ~[org.eclipse.jface_3.14.0.v20180423-0714.jar:na]
	at org.eclipse.jface.action.ActionContributionItem.handleWidgetSelection(ActionContributionItem.java:565) ~[org.eclipse.jface_3.14.0.v20180423-0714.jar:na]
	at org.eclipse.jface.action.ActionContributionItem.lambda$4(ActionContributionItem.java:397) ~[org.eclipse.jface_3.14.0.v20180423-0714.jar:na]
	at org.eclipse.jface.action.ActionContributionItem$$Lambda$340.000000001E0C6850.handleEvent(Unknown Source) ~[na:na]
	at org.eclipse.swt.widgets.EventTable.sendEvent(EventTable.java:86) ~[org.eclipse.swt.win32.win32.x86_64_3.107.0.v20180611-0422.jar:na]
	at org.eclipse.swt.widgets.Display.sendEvent(Display.java:4118) ~[org.eclipse.swt.win32.win32.x86_64_3.107.0.v20180611-0422.jar:na]
	at org.eclipse.swt.widgets.Widget.sendEvent(Widget.java:1052) ~[org.eclipse.swt.win32.win32.x86_64_3.107.0.v20180611-0422.jar:na]
	at org.eclipse.swt.widgets.Display.runDeferredEvents(Display.java:3931) ~[org.eclipse.swt.win32.win32.x86_64_3.107.0.v20180611-0422.jar:na]
	at org.eclipse.swt.widgets.Display.readAndDispatch(Display.java:3534) ~[org.eclipse.swt.win32.win32.x86_64_3.107.0.v20180611-0422.jar:na]
	at org.eclipse.e4.ui.internal.workbench.swt.PartRenderingEngine$5.run(PartRenderingEngine.java:1170) ~[na:na]
	at org.eclipse.core.databinding.observable.Realm.runWithDefault(Realm.java:336) ~[na:na]
	at org.eclipse.e4.ui.internal.workbench.swt.PartRenderingEngine.run(PartRenderingEngine.java:1059) ~[na:na]
	at org.eclipse.e4.ui.internal.workbench.E4Workbench.createAndRunUI(E4Workbench.java:153) ~[na:na]
	at org.eclipse.ui.internal.Workbench.lambda$3(Workbench.java:667) ~[na:na]
	at org.eclipse.ui.internal.Workbench$$Lambda$152.000000001AEB4970.run(Unknown Source) ~[na:na]
	at org.eclipse.core.databinding.observable.Realm.runWithDefault(Realm.java:336) ~[na:na]
	at org.eclipse.ui.internal.Workbench.createAndRunWorkbench(Workbench.java:597) ~[na:na]
	at org.eclipse.ui.PlatformUI.createAndRunWorkbench(PlatformUI.java:148) ~[na:na]
	at org.eclipse.ui.internal.ide.application.IDEApplication.start(IDEApplication.java:152) ~[na:na]
	at org.eclipse.equinox.internal.app.EclipseAppHandle.run(EclipseAppHandle.java:196) ~[org.eclipse.equinox.app_1.3.500.v20171221-2204.jar:na]
	at org.eclipse.core.runtime.internal.adaptor.EclipseAppLauncher.runApplication(EclipseAppLauncher.java:134) ~[org.eclipse.osgi_3.13.0.v20180409-1500.jar:na]
	at org.eclipse.core.runtime.internal.adaptor.EclipseAppLauncher.start(EclipseAppLauncher.java:104) ~[org.eclipse.osgi_3.13.0.v20180409-1500.jar:na]
	at org.eclipse.core.runtime.adaptor.EclipseStarter.run(EclipseStarter.java:388) ~[org.eclipse.osgi_3.13.0.v20180409-1500.jar:na]
	at org.eclipse.core.runtime.adaptor.EclipseStarter.run(EclipseStarter.java:243) ~[org.eclipse.osgi_3.13.0.v20180409-1500.jar:na]
	at java.base/jdk.internal.reflect.NativeMethodAccessorImpl.invoke0(Native Method) ~[na:na]
	at java.base/jdk.internal.reflect.NativeMethodAccessorImpl.invoke(NativeMethodAccessorImpl.java:62) ~[na:na]
	at java.base/jdk.internal.reflect.DelegatingMethodAccessorImpl.invoke(DelegatingMethodAccessorImpl.java:43) ~[na:na]
	at java.base/java.lang.reflect.Method.invoke(Method.java:566) ~[na:na]
	at org.eclipse.equinox.launcher.Main.invokeFramework(Main.java:656) ~[org.eclipse.equinox.launcher_1.5.0.v20180512-1130.jar:na]
	at org.eclipse.equinox.launcher.Main.basicRun(Main.java:592) ~[org.eclipse.equinox.launcher_1.5.0.v20180512-1130.jar:na]
	at org.eclipse.equinox.launcher.Main.run(Main.java:1498) ~[org.eclipse.equinox.launcher_1.5.0.v20180512-1130.jar:na]
2019-08-06 11:48:39,561 [Worker-4: Loading available Gradle versions] INFO  c.g.t.t.d.PublishedGradleVersions - Gradle version information cache is out-of-date. Trying to update.
2019-08-12 10:03:34,217 [Worker-4: Loading available Gradle versions] INFO  c.g.t.t.d.PublishedGradleVersions - Gradle version information cache is out-of-date. Trying to update.
2019-08-12 15:28:24,129 [Worker-105: Debug Source Lookup] INFO  o.e.m.c.i.e.AbstractTransferListenerAdapter - Downloading https://repo.maven.apache.org/maven2/org/apache/tomcat/tomcat-servlet-api/7.0.47/tomcat-servlet-api-7.0.47-sources.jar
2019-08-12 15:28:25,276 [Worker-105: Debug Source Lookup] INFO  o.e.m.c.i.e.AbstractTransferListenerAdapter - Downloaded https://repo.maven.apache.org/maven2/org/apache/tomcat/tomcat-servlet-api/7.0.47/tomcat-servlet-api-7.0.47-sources.jar
2019-08-12 16:01:19,320 [Worker-113: Debug Source Lookup] INFO  o.e.m.c.i.e.AbstractTransferListenerAdapter - Downloading https://repo.maven.apache.org/maven2/org/apache/tomcat/tomcat-catalina/7.0.47/tomcat-catalina-7.0.47-sources.jar
2019-08-12 16:01:23,427 [Worker-113: Debug Source Lookup] INFO  o.e.m.c.i.e.AbstractTransferListenerAdapter - Downloaded https://repo.maven.apache.org/maven2/org/apache/tomcat/tomcat-catalina/7.0.47/tomcat-catalina-7.0.47-sources.jar
2019-08-13 10:18:15,212 [Worker-7: Loading available Gradle versions] INFO  c.g.t.t.d.PublishedGradleVersions - Gradle version information cache is out-of-date. Trying to update.
2019-08-13 10:18:27,490 [Worker-7: Loading available Gradle versions] INFO  c.g.t.t.d.PublishedGradleVersions - Updating Gradle version information cache failed. Using outdated cache.
2019-09-06 09:48:58,254 [Worker-2: Loading available Gradle versions] INFO  c.g.t.t.d.PublishedGradleVersions - Gradle version information cache is out-of-date. Trying to update.
2019-09-09 08:41:10,768 [Worker-2: Loading available Gradle versions] INFO  c.g.t.t.d.PublishedGradleVersions - Gradle version information cache is out-of-date. Trying to update.
2019-09-10 18:14:02,874 [Worker-5: Loading available Gradle versions] INFO  c.g.t.t.d.PublishedGradleVersions - Gradle version information cache is out-of-date. Trying to update.
2019-09-20 11:26:51,103 [Worker-1: Loading available Gradle versions] INFO  c.g.t.t.d.PublishedGradleVersions - Gradle version information cache is out-of-date. Trying to update.
2019-10-03 08:52:50,642 [Worker-4: Loading available Gradle versions] INFO  c.g.t.t.d.PublishedGradleVersions - Gradle version information cache is out-of-date. Trying to update.
2019-10-15 13:20:26,414 [Worker-2: Loading available Gradle versions] INFO  c.g.t.t.d.PublishedGradleVersions - Gradle version information cache is out-of-date. Trying to update.
2019-11-07 16:56:41,046 [Worker-3: Loading available Gradle versions] INFO  c.g.t.t.d.PublishedGradleVersions - Gradle version information cache is out-of-date. Trying to update.
2019-11-07 16:56:55,051 [Worker-3: Loading available Gradle versions] INFO  c.g.t.t.d.PublishedGradleVersions - Updating Gradle version information cache failed. Using outdated cache.
2020-02-24 12:04:49,514 [Worker-4: Loading available Gradle versions] INFO  c.g.t.t.d.PublishedGradleVersions - Gradle version information cache is up-to-date. Trying to read.
2020-07-13 07:40:14,533 [Worker-10: Loading available Gradle versions] INFO  c.g.t.t.d.PublishedGradleVersions - Gradle version information cache is out-of-date. Trying to update.
2020-07-13 08:04:47,444 [Worker-2: Loading available Gradle versions] INFO  o.e.b.c.i.u.g.PublishedGradleVersions - Gradle version information cache is up-to-date. Trying to read.
2020-07-13 16:02:41,844 [Worker-4: Loading available Gradle versions] INFO  o.e.b.c.i.u.g.PublishedGradleVersions - Gradle version information cache is out-of-date. Trying to update.
2020-07-14 09:02:03,599 [Worker-8: Loading available Gradle versions] INFO  o.e.b.c.i.u.g.PublishedGradleVersions - Gradle version information cache is up-to-date. Trying to read.
2020-07-21 09:54:56,639 [Worker-2: Loading available Gradle versions] INFO  o.e.b.c.i.u.g.PublishedGradleVersions - Gradle version information cache is up-to-date. Trying to read.
2020-07-21 12:28:42,225 [Worker-7: Loading available Gradle versions] INFO  o.e.b.c.i.u.g.PublishedGradleVersions - Gradle version information cache is up-to-date. Trying to read.
2020-07-21 17:44:49,358 [Worker-5: Loading available Gradle versions] INFO  o.e.b.c.i.u.g.PublishedGradleVersions - Gradle version information cache is out-of-date. Trying to update.
2020-07-27 22:42:01,627 [Worker-7: Loading available Gradle versions] INFO  o.e.b.c.i.u.g.PublishedGradleVersions - Gradle version information cache is up-to-date. Trying to read.
2021-03-11 09:12:20,457 [Worker-3: Loading available Gradle versions] INFO  o.e.b.c.i.u.g.PublishedGradleVersions - Gradle version information cache is out-of-date. Trying to update.
2021-03-12 17:51:44,126 [Worker-7: Loading available Gradle versions] INFO  o.e.b.c.i.u.g.PublishedGradleVersions - Gradle version information cache is out-of-date. Trying to update.
2021-03-14 09:57:54,655 [Worker-4: Loading available Gradle versions] INFO  o.e.b.c.i.u.g.PublishedGradleVersions - Gradle version information cache is up-to-date. Trying to read.
2021-03-27 20:50:05,814 [Worker-5: Loading available Gradle versions] INFO  o.e.b.c.i.u.g.PublishedGradleVersions - Gradle version information cache is not available. Remote download required.
2023-02-23 13:42:20,130 [Worker-5: Loading available Gradle versions] INFO  o.e.b.c.i.u.g.PublishedGradleVersions - Gradle version information cache is up-to-date. Trying to read.
